[2024-04-22T09:10:10.629+0000] {processor.py:161} INFO - Started process (PID=76468) to work on /opt/airflow/dags/hello.py
[2024-04-22T09:10:10.630+0000] {processor.py:830} INFO - Processing file /opt/airflow/dags/hello.py for tasks to queue
[2024-04-22T09:10:10.631+0000] {logging_mixin.py:188} INFO - [2024-04-22T09:10:10.631+0000] {dagbag.py:540} INFO - Filling up the DagBag from /opt/airflow/dags/hello.py
[2024-04-22T09:10:10.645+0000] {logging_mixin.py:188} INFO - [2024-04-22T09:10:10.637+0000] {dagbag.py:350} ERROR - Failed to import: /opt/airflow/dags/hello.py
Traceback (most recent call last):
  File "/home/airflow/.local/lib/python3.12/site-packages/airflow/models/dagbag.py", line 346, in parse
    loader.exec_module(new_module)
  File "<frozen importlib._bootstrap_external>", line 995, in exec_module
  File "<frozen importlib._bootstrap>", line 488, in _call_with_frames_removed
  File "/opt/airflow/dags/hello.py", line 23, in <module>
    python_callable=_say_hello,
                    ^^^^^^^^^^
NameError: name '_say_hello' is not defined
[2024-04-22T09:10:10.663+0000] {processor.py:842} WARNING - No viable dags retrieved from /opt/airflow/dags/hello.py
[2024-04-22T09:10:10.696+0000] {processor.py:183} INFO - Processing /opt/airflow/dags/hello.py took 0.073 seconds
[2024-04-22T09:10:40.934+0000] {processor.py:161} INFO - Started process (PID=76741) to work on /opt/airflow/dags/hello.py
[2024-04-22T09:10:40.935+0000] {processor.py:830} INFO - Processing file /opt/airflow/dags/hello.py for tasks to queue
[2024-04-22T09:10:40.937+0000] {logging_mixin.py:188} INFO - [2024-04-22T09:10:40.937+0000] {dagbag.py:540} INFO - Filling up the DagBag from /opt/airflow/dags/hello.py
[2024-04-22T09:10:40.952+0000] {logging_mixin.py:188} INFO - [2024-04-22T09:10:40.942+0000] {dagbag.py:350} ERROR - Failed to import: /opt/airflow/dags/hello.py
Traceback (most recent call last):
  File "/home/airflow/.local/lib/python3.12/site-packages/airflow/models/dagbag.py", line 346, in parse
    loader.exec_module(new_module)
  File "<frozen importlib._bootstrap_external>", line 995, in exec_module
  File "<frozen importlib._bootstrap>", line 488, in _call_with_frames_removed
  File "/opt/airflow/dags/hello.py", line 23, in <module>
    python_callable=_say_hello,
                    ^^^^^^^^^^
NameError: name '_say_hello' is not defined
[2024-04-22T09:10:40.967+0000] {processor.py:842} WARNING - No viable dags retrieved from /opt/airflow/dags/hello.py
[2024-04-22T09:10:41.036+0000] {processor.py:183} INFO - Processing /opt/airflow/dags/hello.py took 0.109 seconds
[2024-04-22T09:11:11.377+0000] {processor.py:161} INFO - Started process (PID=77014) to work on /opt/airflow/dags/hello.py
[2024-04-22T09:11:11.378+0000] {processor.py:830} INFO - Processing file /opt/airflow/dags/hello.py for tasks to queue
[2024-04-22T09:11:11.380+0000] {logging_mixin.py:188} INFO - [2024-04-22T09:11:11.380+0000] {dagbag.py:540} INFO - Filling up the DagBag from /opt/airflow/dags/hello.py
[2024-04-22T09:11:11.393+0000] {logging_mixin.py:188} INFO - [2024-04-22T09:11:11.386+0000] {dagbag.py:350} ERROR - Failed to import: /opt/airflow/dags/hello.py
Traceback (most recent call last):
  File "/home/airflow/.local/lib/python3.12/site-packages/airflow/models/dagbag.py", line 346, in parse
    loader.exec_module(new_module)
  File "<frozen importlib._bootstrap_external>", line 995, in exec_module
  File "<frozen importlib._bootstrap>", line 488, in _call_with_frames_removed
  File "/opt/airflow/dags/hello.py", line 23, in <module>
    python_callable=_say_hello,
                    ^^^^^^^^^^
NameError: name '_say_hello' is not defined
[2024-04-22T09:11:11.400+0000] {processor.py:842} WARNING - No viable dags retrieved from /opt/airflow/dags/hello.py
[2024-04-22T09:11:11.425+0000] {processor.py:183} INFO - Processing /opt/airflow/dags/hello.py took 0.054 seconds
[2024-04-22T09:11:18.650+0000] {processor.py:161} INFO - Started process (PID=77109) to work on /opt/airflow/dags/hello.py
[2024-04-22T09:11:18.651+0000] {processor.py:830} INFO - Processing file /opt/airflow/dags/hello.py for tasks to queue
[2024-04-22T09:11:18.653+0000] {logging_mixin.py:188} INFO - [2024-04-22T09:11:18.652+0000] {dagbag.py:540} INFO - Filling up the DagBag from /opt/airflow/dags/hello.py
[2024-04-22T09:11:18.669+0000] {logging_mixin.py:188} INFO - [2024-04-22T09:11:18.659+0000] {dagbag.py:350} ERROR - Failed to import: /opt/airflow/dags/hello.py
Traceback (most recent call last):
  File "/home/airflow/.local/lib/python3.12/site-packages/airflow/models/dagbag.py", line 346, in parse
    loader.exec_module(new_module)
  File "<frozen importlib._bootstrap_external>", line 995, in exec_module
  File "<frozen importlib._bootstrap>", line 488, in _call_with_frames_removed
  File "/opt/airflow/dags/hello.py", line 23, in <module>
    python_callable=_say_hello,
                    ^^^^^^^^^^
NameError: name '_say_hello' is not defined
[2024-04-22T09:11:18.676+0000] {processor.py:842} WARNING - No viable dags retrieved from /opt/airflow/dags/hello.py
[2024-04-22T09:11:18.701+0000] {processor.py:183} INFO - Processing /opt/airflow/dags/hello.py took 0.058 seconds
[2024-04-22T09:11:38.170+0000] {processor.py:161} INFO - Started process (PID=77225) to work on /opt/airflow/dags/hello.py
[2024-04-22T09:11:38.171+0000] {processor.py:830} INFO - Processing file /opt/airflow/dags/hello.py for tasks to queue
[2024-04-22T09:11:38.173+0000] {logging_mixin.py:188} INFO - [2024-04-22T09:11:38.172+0000] {dagbag.py:540} INFO - Filling up the DagBag from /opt/airflow/dags/hello.py
[2024-04-22T09:11:38.188+0000] {logging_mixin.py:188} INFO - [2024-04-22T09:11:38.181+0000] {dagbag.py:350} ERROR - Failed to import: /opt/airflow/dags/hello.py
Traceback (most recent call last):
  File "/home/airflow/.local/lib/python3.12/site-packages/airflow/models/dagbag.py", line 346, in parse
    loader.exec_module(new_module)
  File "<frozen importlib._bootstrap_external>", line 995, in exec_module
  File "<frozen importlib._bootstrap>", line 488, in _call_with_frames_removed
  File "/opt/airflow/dags/hello.py", line 23, in <module>
    python_callable=_say_hello,
                    ^^^^^^^^^^
NameError: name '_say_hello' is not defined
[2024-04-22T09:11:38.195+0000] {processor.py:842} WARNING - No viable dags retrieved from /opt/airflow/dags/hello.py
[2024-04-22T09:11:38.221+0000] {processor.py:183} INFO - Processing /opt/airflow/dags/hello.py took 0.057 seconds
[2024-04-22T09:11:48.314+0000] {processor.py:161} INFO - Started process (PID=77387) to work on /opt/airflow/dags/hello.py
[2024-04-22T09:11:48.314+0000] {processor.py:830} INFO - Processing file /opt/airflow/dags/hello.py for tasks to queue
[2024-04-22T09:11:48.316+0000] {logging_mixin.py:188} INFO - [2024-04-22T09:11:48.315+0000] {dagbag.py:540} INFO - Filling up the DagBag from /opt/airflow/dags/hello.py
[2024-04-22T09:11:48.325+0000] {logging_mixin.py:188} INFO - [2024-04-22T09:11:48.321+0000] {dagbag.py:350} ERROR - Failed to import: /opt/airflow/dags/hello.py
Traceback (most recent call last):
  File "/home/airflow/.local/lib/python3.12/site-packages/airflow/models/dagbag.py", line 346, in parse
    loader.exec_module(new_module)
  File "<frozen importlib._bootstrap_external>", line 995, in exec_module
  File "<frozen importlib._bootstrap>", line 488, in _call_with_frames_removed
  File "/opt/airflow/dags/hello.py", line 25, in <module>
    python_callable=_say_hello,
                    ^^^^^^^^^^
NameError: name '_say_hello' is not defined
[2024-04-22T09:11:48.328+0000] {processor.py:842} WARNING - No viable dags retrieved from /opt/airflow/dags/hello.py
[2024-04-22T09:11:48.348+0000] {processor.py:183} INFO - Processing /opt/airflow/dags/hello.py took 0.039 seconds
[2024-04-22T09:12:19.016+0000] {processor.py:161} INFO - Started process (PID=77644) to work on /opt/airflow/dags/hello.py
[2024-04-22T09:12:19.018+0000] {processor.py:830} INFO - Processing file /opt/airflow/dags/hello.py for tasks to queue
[2024-04-22T09:12:19.020+0000] {logging_mixin.py:188} INFO - [2024-04-22T09:12:19.020+0000] {dagbag.py:540} INFO - Filling up the DagBag from /opt/airflow/dags/hello.py
[2024-04-22T09:12:19.032+0000] {logging_mixin.py:188} INFO - [2024-04-22T09:12:19.025+0000] {dagbag.py:350} ERROR - Failed to import: /opt/airflow/dags/hello.py
Traceback (most recent call last):
  File "/home/airflow/.local/lib/python3.12/site-packages/airflow/models/dagbag.py", line 346, in parse
    loader.exec_module(new_module)
  File "<frozen importlib._bootstrap_external>", line 995, in exec_module
  File "<frozen importlib._bootstrap>", line 488, in _call_with_frames_removed
  File "/opt/airflow/dags/hello.py", line 25, in <module>
    python_callable=_say_hello,
                    ^^^^^^^^^^
NameError: name '_say_hello' is not defined
[2024-04-22T09:12:19.041+0000] {processor.py:842} WARNING - No viable dags retrieved from /opt/airflow/dags/hello.py
[2024-04-22T09:12:19.081+0000] {processor.py:183} INFO - Processing /opt/airflow/dags/hello.py took 0.071 seconds
[2024-04-22T09:12:38.880+0000] {processor.py:161} INFO - Started process (PID=77775) to work on /opt/airflow/dags/hello.py
[2024-04-22T09:12:38.880+0000] {processor.py:830} INFO - Processing file /opt/airflow/dags/hello.py for tasks to queue
[2024-04-22T09:12:38.882+0000] {logging_mixin.py:188} INFO - [2024-04-22T09:12:38.881+0000] {dagbag.py:540} INFO - Filling up the DagBag from /opt/airflow/dags/hello.py
[2024-04-22T09:12:38.884+0000] {logging_mixin.py:188} INFO - [2024-04-22T09:12:38.883+0000] {dagbag.py:350} ERROR - Failed to import: /opt/airflow/dags/hello.py
Traceback (most recent call last):
  File "/home/airflow/.local/lib/python3.12/site-packages/airflow/models/dagbag.py", line 346, in parse
    loader.exec_module(new_module)
  File "<frozen importlib._bootstrap_external>", line 991, in exec_module
  File "<frozen importlib._bootstrap_external>", line 1129, in get_code
  File "<frozen importlib._bootstrap_external>", line 1059, in source_to_code
  File "<frozen importlib._bootstrap>", line 488, in _call_with_frames_removed
  File "/opt/airflow/dags/hello.py", line 24
    python_callable=_print_log_messages,
IndentationError: unexpected indent
[2024-04-22T09:12:38.884+0000] {processor.py:842} WARNING - No viable dags retrieved from /opt/airflow/dags/hello.py
[2024-04-22T09:12:38.904+0000] {processor.py:183} INFO - Processing /opt/airflow/dags/hello.py took 0.029 seconds
[2024-04-22T09:12:42.191+0000] {processor.py:161} INFO - Started process (PID=77811) to work on /opt/airflow/dags/hello.py
[2024-04-22T09:12:42.191+0000] {processor.py:830} INFO - Processing file /opt/airflow/dags/hello.py for tasks to queue
[2024-04-22T09:12:42.193+0000] {logging_mixin.py:188} INFO - [2024-04-22T09:12:42.193+0000] {dagbag.py:540} INFO - Filling up the DagBag from /opt/airflow/dags/hello.py
[2024-04-22T09:12:42.200+0000] {processor.py:840} INFO - DAG(s) 'hello' retrieved from /opt/airflow/dags/hello.py
[2024-04-22T09:12:42.406+0000] {logging_mixin.py:188} INFO - [2024-04-22T09:12:42.405+0000] {override.py:1829} INFO - Created Permission View: can edit on DAG:hello
[2024-04-22T09:12:42.430+0000] {logging_mixin.py:188} INFO - [2024-04-22T09:12:42.430+0000] {override.py:1829} INFO - Created Permission View: can delete on DAG:hello
[2024-04-22T09:12:42.441+0000] {logging_mixin.py:188} INFO - [2024-04-22T09:12:42.441+0000] {override.py:1829} INFO - Created Permission View: can read on DAG:hello
[2024-04-22T09:12:42.443+0000] {logging_mixin.py:188} INFO - [2024-04-22T09:12:42.443+0000] {dag.py:3096} INFO - Sync 1 DAGs
[2024-04-22T09:12:42.462+0000] {logging_mixin.py:188} INFO - [2024-04-22T09:12:42.462+0000] {dag.py:3118} INFO - Creating ORM DAG for hello
[2024-04-22T09:12:42.463+0000] {logging_mixin.py:188} INFO - [2024-04-22T09:12:42.463+0000] {dag.py:3954} INFO - Setting next_dagrun for hello to None, run_after=None
[2024-04-22T09:12:42.518+0000] {processor.py:183} INFO - Processing /opt/airflow/dags/hello.py took 0.335 seconds
[2024-04-22T09:12:43.974+0000] {processor.py:161} INFO - Started process (PID=77851) to work on /opt/airflow/dags/hello.py
[2024-04-22T09:12:43.975+0000] {processor.py:830} INFO - Processing file /opt/airflow/dags/hello.py for tasks to queue
[2024-04-22T09:12:43.977+0000] {logging_mixin.py:188} INFO - [2024-04-22T09:12:43.976+0000] {dagbag.py:540} INFO - Filling up the DagBag from /opt/airflow/dags/hello.py
[2024-04-22T09:12:43.984+0000] {processor.py:840} INFO - DAG(s) 'hello' retrieved from /opt/airflow/dags/hello.py
[2024-04-22T09:12:43.996+0000] {logging_mixin.py:188} INFO - [2024-04-22T09:12:43.996+0000] {dag.py:3096} INFO - Sync 1 DAGs
[2024-04-22T09:12:44.013+0000] {logging_mixin.py:188} INFO - [2024-04-22T09:12:44.013+0000] {dag.py:3954} INFO - Setting next_dagrun for hello to None, run_after=None
[2024-04-22T09:12:44.038+0000] {processor.py:183} INFO - Processing /opt/airflow/dags/hello.py took 0.071 seconds
[2024-04-22T09:13:14.568+0000] {processor.py:161} INFO - Started process (PID=78124) to work on /opt/airflow/dags/hello.py
[2024-04-22T09:13:14.568+0000] {processor.py:830} INFO - Processing file /opt/airflow/dags/hello.py for tasks to queue
[2024-04-22T09:13:14.570+0000] {logging_mixin.py:188} INFO - [2024-04-22T09:13:14.570+0000] {dagbag.py:540} INFO - Filling up the DagBag from /opt/airflow/dags/hello.py
[2024-04-22T09:13:14.576+0000] {processor.py:840} INFO - DAG(s) 'hello' retrieved from /opt/airflow/dags/hello.py
[2024-04-22T09:13:14.599+0000] {logging_mixin.py:188} INFO - [2024-04-22T09:13:14.598+0000] {dag.py:3096} INFO - Sync 1 DAGs
[2024-04-22T09:13:14.632+0000] {logging_mixin.py:188} INFO - [2024-04-22T09:13:14.631+0000] {dag.py:3954} INFO - Setting next_dagrun for hello to None, run_after=None
[2024-04-22T09:13:14.672+0000] {processor.py:183} INFO - Processing /opt/airflow/dags/hello.py took 0.110 seconds
[2024-04-22T09:13:45.074+0000] {processor.py:161} INFO - Started process (PID=78396) to work on /opt/airflow/dags/hello.py
[2024-04-22T09:13:45.075+0000] {processor.py:830} INFO - Processing file /opt/airflow/dags/hello.py for tasks to queue
[2024-04-22T09:13:45.077+0000] {logging_mixin.py:188} INFO - [2024-04-22T09:13:45.077+0000] {dagbag.py:540} INFO - Filling up the DagBag from /opt/airflow/dags/hello.py
[2024-04-22T09:13:45.083+0000] {processor.py:840} INFO - DAG(s) 'hello' retrieved from /opt/airflow/dags/hello.py
[2024-04-22T09:13:45.107+0000] {logging_mixin.py:188} INFO - [2024-04-22T09:13:45.107+0000] {dag.py:3096} INFO - Sync 1 DAGs
[2024-04-22T09:13:45.123+0000] {logging_mixin.py:188} INFO - [2024-04-22T09:13:45.123+0000] {dag.py:3954} INFO - Setting next_dagrun for hello to None, run_after=None
[2024-04-22T09:13:45.148+0000] {processor.py:183} INFO - Processing /opt/airflow/dags/hello.py took 0.080 seconds
[2024-04-22T09:14:15.314+0000] {processor.py:161} INFO - Started process (PID=78668) to work on /opt/airflow/dags/hello.py
[2024-04-22T09:14:15.315+0000] {processor.py:830} INFO - Processing file /opt/airflow/dags/hello.py for tasks to queue
[2024-04-22T09:14:15.333+0000] {logging_mixin.py:188} INFO - [2024-04-22T09:14:15.333+0000] {dagbag.py:540} INFO - Filling up the DagBag from /opt/airflow/dags/hello.py
[2024-04-22T09:14:15.339+0000] {processor.py:840} INFO - DAG(s) 'hello' retrieved from /opt/airflow/dags/hello.py
[2024-04-22T09:14:15.425+0000] {logging_mixin.py:188} INFO - [2024-04-22T09:14:15.425+0000] {dag.py:3096} INFO - Sync 1 DAGs
[2024-04-22T09:14:15.454+0000] {logging_mixin.py:188} INFO - [2024-04-22T09:14:15.454+0000] {dag.py:3954} INFO - Setting next_dagrun for hello to None, run_after=None
[2024-04-22T09:14:15.505+0000] {processor.py:183} INFO - Processing /opt/airflow/dags/hello.py took 0.198 seconds
[2024-04-22T09:14:46.400+0000] {processor.py:161} INFO - Started process (PID=78941) to work on /opt/airflow/dags/hello.py
[2024-04-22T09:14:46.401+0000] {processor.py:830} INFO - Processing file /opt/airflow/dags/hello.py for tasks to queue
[2024-04-22T09:14:46.403+0000] {logging_mixin.py:188} INFO - [2024-04-22T09:14:46.402+0000] {dagbag.py:540} INFO - Filling up the DagBag from /opt/airflow/dags/hello.py
[2024-04-22T09:14:46.408+0000] {processor.py:840} INFO - DAG(s) 'hello' retrieved from /opt/airflow/dags/hello.py
[2024-04-22T09:14:46.431+0000] {logging_mixin.py:188} INFO - [2024-04-22T09:14:46.431+0000] {dag.py:3096} INFO - Sync 1 DAGs
[2024-04-22T09:14:46.448+0000] {logging_mixin.py:188} INFO - [2024-04-22T09:14:46.448+0000] {dag.py:3954} INFO - Setting next_dagrun for hello to None, run_after=None
[2024-04-22T09:14:46.472+0000] {processor.py:183} INFO - Processing /opt/airflow/dags/hello.py took 0.078 seconds
[2024-04-22T09:15:16.875+0000] {processor.py:161} INFO - Started process (PID=79213) to work on /opt/airflow/dags/hello.py
[2024-04-22T09:15:16.876+0000] {processor.py:830} INFO - Processing file /opt/airflow/dags/hello.py for tasks to queue
[2024-04-22T09:15:16.878+0000] {logging_mixin.py:188} INFO - [2024-04-22T09:15:16.878+0000] {dagbag.py:540} INFO - Filling up the DagBag from /opt/airflow/dags/hello.py
[2024-04-22T09:15:16.892+0000] {processor.py:840} INFO - DAG(s) 'hello' retrieved from /opt/airflow/dags/hello.py
[2024-04-22T09:15:16.936+0000] {logging_mixin.py:188} INFO - [2024-04-22T09:15:16.935+0000] {dag.py:3096} INFO - Sync 1 DAGs
[2024-04-22T09:15:16.954+0000] {logging_mixin.py:188} INFO - [2024-04-22T09:15:16.953+0000] {dag.py:3954} INFO - Setting next_dagrun for hello to None, run_after=None
[2024-04-22T09:15:16.982+0000] {processor.py:183} INFO - Processing /opt/airflow/dags/hello.py took 0.113 seconds
[2024-04-22T09:15:24.534+0000] {processor.py:161} INFO - Started process (PID=79336) to work on /opt/airflow/dags/hello.py
[2024-04-22T09:15:24.534+0000] {processor.py:830} INFO - Processing file /opt/airflow/dags/hello.py for tasks to queue
[2024-04-22T09:15:24.536+0000] {logging_mixin.py:188} INFO - [2024-04-22T09:15:24.536+0000] {dagbag.py:540} INFO - Filling up the DagBag from /opt/airflow/dags/hello.py
[2024-04-22T09:15:24.540+0000] {logging_mixin.py:188} INFO - [2024-04-22T09:15:24.539+0000] {dagbag.py:350} ERROR - Failed to import: /opt/airflow/dags/hello.py
Traceback (most recent call last):
  File "/home/airflow/.local/lib/python3.12/site-packages/airflow/models/dagbag.py", line 346, in parse
    loader.exec_module(new_module)
  File "<frozen importlib._bootstrap_external>", line 991, in exec_module
  File "<frozen importlib._bootstrap_external>", line 1129, in get_code
  File "<frozen importlib._bootstrap_external>", line 1059, in source_to_code
  File "<frozen importlib._bootstrap>", line 488, in _call_with_frames_removed
  File "/opt/airflow/dags/hello.py", line 23
    say_hello = PythonOperator(
IndentationError: unexpected indent
[2024-04-22T09:15:24.541+0000] {processor.py:842} WARNING - No viable dags retrieved from /opt/airflow/dags/hello.py
[2024-04-22T09:15:24.589+0000] {processor.py:183} INFO - Processing /opt/airflow/dags/hello.py took 0.063 seconds
[2024-04-22T09:15:25.879+0000] {processor.py:161} INFO - Started process (PID=79358) to work on /opt/airflow/dags/hello.py
[2024-04-22T09:15:25.879+0000] {processor.py:830} INFO - Processing file /opt/airflow/dags/hello.py for tasks to queue
[2024-04-22T09:15:25.881+0000] {logging_mixin.py:188} INFO - [2024-04-22T09:15:25.880+0000] {dagbag.py:540} INFO - Filling up the DagBag from /opt/airflow/dags/hello.py
[2024-04-22T09:15:25.891+0000] {logging_mixin.py:188} INFO - [2024-04-22T09:15:25.885+0000] {dagbag.py:350} ERROR - Failed to import: /opt/airflow/dags/hello.py
Traceback (most recent call last):
  File "/home/airflow/.local/lib/python3.12/site-packages/airflow/models/dagbag.py", line 346, in parse
    loader.exec_module(new_module)
  File "<frozen importlib._bootstrap_external>", line 995, in exec_module
  File "<frozen importlib._bootstrap>", line 488, in _call_with_frames_removed
  File "/opt/airflow/dags/hello.py", line 25, in <module>
    python_callable=_say_hello,
                    ^^^^^^^^^^
NameError: name '_say_hello' is not defined
[2024-04-22T09:15:25.897+0000] {processor.py:842} WARNING - No viable dags retrieved from /opt/airflow/dags/hello.py
[2024-04-22T09:15:25.918+0000] {processor.py:183} INFO - Processing /opt/airflow/dags/hello.py took 0.044 seconds
[2024-04-22T09:15:33.100+0000] {processor.py:161} INFO - Started process (PID=79379) to work on /opt/airflow/dags/hello.py
[2024-04-22T09:15:33.101+0000] {processor.py:830} INFO - Processing file /opt/airflow/dags/hello.py for tasks to queue
[2024-04-22T09:15:33.103+0000] {logging_mixin.py:188} INFO - [2024-04-22T09:15:33.103+0000] {dagbag.py:540} INFO - Filling up the DagBag from /opt/airflow/dags/hello.py
[2024-04-22T09:15:33.118+0000] {logging_mixin.py:188} INFO - [2024-04-22T09:15:33.110+0000] {dagbag.py:350} ERROR - Failed to import: /opt/airflow/dags/hello.py
Traceback (most recent call last):
  File "/home/airflow/.local/lib/python3.12/site-packages/airflow/models/dagbag.py", line 346, in parse
    loader.exec_module(new_module)
  File "<frozen importlib._bootstrap_external>", line 995, in exec_module
  File "<frozen importlib._bootstrap>", line 488, in _call_with_frames_removed
  File "/opt/airflow/dags/hello.py", line 25, in <module>
    python_callable=_say_hello,
                    ^^^^^^^^^^
NameError: name '_say_hello' is not defined
[2024-04-22T09:15:33.125+0000] {processor.py:842} WARNING - No viable dags retrieved from /opt/airflow/dags/hello.py
[2024-04-22T09:15:33.160+0000] {processor.py:183} INFO - Processing /opt/airflow/dags/hello.py took 0.068 seconds
[2024-04-22T09:16:03.719+0000] {processor.py:161} INFO - Started process (PID=79652) to work on /opt/airflow/dags/hello.py
[2024-04-22T09:16:03.720+0000] {processor.py:830} INFO - Processing file /opt/airflow/dags/hello.py for tasks to queue
[2024-04-22T09:16:03.722+0000] {logging_mixin.py:188} INFO - [2024-04-22T09:16:03.722+0000] {dagbag.py:540} INFO - Filling up the DagBag from /opt/airflow/dags/hello.py
[2024-04-22T09:16:03.736+0000] {logging_mixin.py:188} INFO - [2024-04-22T09:16:03.729+0000] {dagbag.py:350} ERROR - Failed to import: /opt/airflow/dags/hello.py
Traceback (most recent call last):
  File "/home/airflow/.local/lib/python3.12/site-packages/airflow/models/dagbag.py", line 346, in parse
    loader.exec_module(new_module)
  File "<frozen importlib._bootstrap_external>", line 995, in exec_module
  File "<frozen importlib._bootstrap>", line 488, in _call_with_frames_removed
  File "/opt/airflow/dags/hello.py", line 25, in <module>
    python_callable=_say_hello,
                    ^^^^^^^^^^
NameError: name '_say_hello' is not defined
[2024-04-22T09:16:03.743+0000] {processor.py:842} WARNING - No viable dags retrieved from /opt/airflow/dags/hello.py
[2024-04-22T09:16:03.768+0000] {processor.py:183} INFO - Processing /opt/airflow/dags/hello.py took 0.055 seconds
[2024-04-22T09:16:22.107+0000] {processor.py:161} INFO - Started process (PID=79838) to work on /opt/airflow/dags/hello.py
[2024-04-22T09:16:22.108+0000] {processor.py:830} INFO - Processing file /opt/airflow/dags/hello.py for tasks to queue
[2024-04-22T09:16:22.110+0000] {logging_mixin.py:188} INFO - [2024-04-22T09:16:22.109+0000] {dagbag.py:540} INFO - Filling up the DagBag from /opt/airflow/dags/hello.py
[2024-04-22T09:16:22.117+0000] {processor.py:840} INFO - DAG(s) 'hello' retrieved from /opt/airflow/dags/hello.py
[2024-04-22T09:16:22.290+0000] {logging_mixin.py:188} INFO - [2024-04-22T09:16:22.290+0000] {dag.py:3096} INFO - Sync 1 DAGs
[2024-04-22T09:16:22.306+0000] {logging_mixin.py:188} INFO - [2024-04-22T09:16:22.306+0000] {dag.py:3954} INFO - Setting next_dagrun for hello to None, run_after=None
[2024-04-22T09:16:22.336+0000] {processor.py:183} INFO - Processing /opt/airflow/dags/hello.py took 0.236 seconds
[2024-04-22T09:16:52.686+0000] {processor.py:161} INFO - Started process (PID=80110) to work on /opt/airflow/dags/hello.py
[2024-04-22T09:16:52.688+0000] {processor.py:830} INFO - Processing file /opt/airflow/dags/hello.py for tasks to queue
[2024-04-22T09:16:52.689+0000] {logging_mixin.py:188} INFO - [2024-04-22T09:16:52.689+0000] {dagbag.py:540} INFO - Filling up the DagBag from /opt/airflow/dags/hello.py
[2024-04-22T09:16:52.696+0000] {processor.py:840} INFO - DAG(s) 'hello' retrieved from /opt/airflow/dags/hello.py
[2024-04-22T09:16:52.718+0000] {logging_mixin.py:188} INFO - [2024-04-22T09:16:52.718+0000] {dag.py:3096} INFO - Sync 1 DAGs
[2024-04-22T09:16:52.734+0000] {logging_mixin.py:188} INFO - [2024-04-22T09:16:52.734+0000] {dag.py:3954} INFO - Setting next_dagrun for hello to None, run_after=None
[2024-04-22T09:16:52.758+0000] {processor.py:183} INFO - Processing /opt/airflow/dags/hello.py took 0.078 seconds
[2024-04-22T09:17:23.603+0000] {processor.py:161} INFO - Started process (PID=80382) to work on /opt/airflow/dags/hello.py
[2024-04-22T09:17:23.604+0000] {processor.py:830} INFO - Processing file /opt/airflow/dags/hello.py for tasks to queue
[2024-04-22T09:17:23.607+0000] {logging_mixin.py:188} INFO - [2024-04-22T09:17:23.606+0000] {dagbag.py:540} INFO - Filling up the DagBag from /opt/airflow/dags/hello.py
[2024-04-22T09:17:23.613+0000] {processor.py:840} INFO - DAG(s) 'hello' retrieved from /opt/airflow/dags/hello.py
[2024-04-22T09:17:23.637+0000] {logging_mixin.py:188} INFO - [2024-04-22T09:17:23.637+0000] {dag.py:3096} INFO - Sync 1 DAGs
[2024-04-22T09:17:23.656+0000] {logging_mixin.py:188} INFO - [2024-04-22T09:17:23.656+0000] {dag.py:3954} INFO - Setting next_dagrun for hello to None, run_after=None
[2024-04-22T09:17:23.682+0000] {processor.py:183} INFO - Processing /opt/airflow/dags/hello.py took 0.086 seconds
[2024-04-22T09:17:40.020+0000] {processor.py:161} INFO - Started process (PID=80493) to work on /opt/airflow/dags/hello.py
[2024-04-22T09:17:40.021+0000] {processor.py:830} INFO - Processing file /opt/airflow/dags/hello.py for tasks to queue
[2024-04-22T09:17:40.022+0000] {logging_mixin.py:188} INFO - [2024-04-22T09:17:40.022+0000] {dagbag.py:540} INFO - Filling up the DagBag from /opt/airflow/dags/hello.py
[2024-04-22T09:17:40.027+0000] {processor.py:840} INFO - DAG(s) 'hello' retrieved from /opt/airflow/dags/hello.py
[2024-04-22T09:17:40.047+0000] {logging_mixin.py:188} INFO - [2024-04-22T09:17:40.047+0000] {dag.py:3096} INFO - Sync 1 DAGs
[2024-04-22T09:17:40.063+0000] {logging_mixin.py:188} INFO - [2024-04-22T09:17:40.063+0000] {dag.py:3954} INFO - Setting next_dagrun for hello to None, run_after=None
[2024-04-22T09:17:40.088+0000] {processor.py:183} INFO - Processing /opt/airflow/dags/hello.py took 0.074 seconds
[2024-04-22T09:17:44.456+0000] {processor.py:161} INFO - Started process (PID=80534) to work on /opt/airflow/dags/hello.py
[2024-04-22T09:17:44.457+0000] {processor.py:830} INFO - Processing file /opt/airflow/dags/hello.py for tasks to queue
[2024-04-22T09:17:44.458+0000] {logging_mixin.py:188} INFO - [2024-04-22T09:17:44.458+0000] {dagbag.py:540} INFO - Filling up the DagBag from /opt/airflow/dags/hello.py
[2024-04-22T09:17:44.466+0000] {processor.py:840} INFO - DAG(s) 'hello' retrieved from /opt/airflow/dags/hello.py
[2024-04-22T09:17:44.482+0000] {logging_mixin.py:188} INFO - [2024-04-22T09:17:44.482+0000] {dag.py:3096} INFO - Sync 1 DAGs
[2024-04-22T09:17:44.493+0000] {logging_mixin.py:188} INFO - [2024-04-22T09:17:44.493+0000] {dag.py:3954} INFO - Setting next_dagrun for hello to None, run_after=None
[2024-04-22T09:17:44.513+0000] {processor.py:183} INFO - Processing /opt/airflow/dags/hello.py took 0.062 seconds
[2024-04-22T09:17:45.486+0000] {processor.py:161} INFO - Started process (PID=80539) to work on /opt/airflow/dags/hello.py
[2024-04-22T09:17:45.487+0000] {processor.py:830} INFO - Processing file /opt/airflow/dags/hello.py for tasks to queue
[2024-04-22T09:17:45.489+0000] {logging_mixin.py:188} INFO - [2024-04-22T09:17:45.489+0000] {dagbag.py:540} INFO - Filling up the DagBag from /opt/airflow/dags/hello.py
[2024-04-22T09:17:45.496+0000] {processor.py:840} INFO - DAG(s) 'hello' retrieved from /opt/airflow/dags/hello.py
[2024-04-22T09:17:45.520+0000] {logging_mixin.py:188} INFO - [2024-04-22T09:17:45.520+0000] {dag.py:3096} INFO - Sync 1 DAGs
[2024-04-22T09:17:45.538+0000] {logging_mixin.py:188} INFO - [2024-04-22T09:17:45.538+0000] {dag.py:3954} INFO - Setting next_dagrun for hello to None, run_after=None
[2024-04-22T09:17:45.565+0000] {processor.py:183} INFO - Processing /opt/airflow/dags/hello.py took 0.085 seconds
[2024-04-22T09:17:49.533+0000] {processor.py:161} INFO - Started process (PID=80589) to work on /opt/airflow/dags/hello.py
[2024-04-22T09:17:49.534+0000] {processor.py:830} INFO - Processing file /opt/airflow/dags/hello.py for tasks to queue
[2024-04-22T09:17:49.536+0000] {logging_mixin.py:188} INFO - [2024-04-22T09:17:49.536+0000] {dagbag.py:540} INFO - Filling up the DagBag from /opt/airflow/dags/hello.py
[2024-04-22T09:17:49.544+0000] {processor.py:840} INFO - DAG(s) 'hello' retrieved from /opt/airflow/dags/hello.py
[2024-04-22T09:17:49.568+0000] {logging_mixin.py:188} INFO - [2024-04-22T09:17:49.568+0000] {dag.py:3096} INFO - Sync 1 DAGs
[2024-04-22T09:17:49.584+0000] {logging_mixin.py:188} INFO - [2024-04-22T09:17:49.584+0000] {dag.py:3954} INFO - Setting next_dagrun for hello to None, run_after=None
[2024-04-22T09:17:49.620+0000] {processor.py:183} INFO - Processing /opt/airflow/dags/hello.py took 0.094 seconds
[2024-04-22T09:17:51.266+0000] {processor.py:161} INFO - Started process (PID=80634) to work on /opt/airflow/dags/hello.py
[2024-04-22T09:17:51.269+0000] {processor.py:830} INFO - Processing file /opt/airflow/dags/hello.py for tasks to queue
[2024-04-22T09:17:51.271+0000] {logging_mixin.py:188} INFO - [2024-04-22T09:17:51.271+0000] {dagbag.py:540} INFO - Filling up the DagBag from /opt/airflow/dags/hello.py
[2024-04-22T09:17:51.279+0000] {processor.py:840} INFO - DAG(s) 'hello' retrieved from /opt/airflow/dags/hello.py
[2024-04-22T09:17:51.304+0000] {logging_mixin.py:188} INFO - [2024-04-22T09:17:51.304+0000] {dag.py:3096} INFO - Sync 1 DAGs
[2024-04-22T09:17:51.321+0000] {logging_mixin.py:188} INFO - [2024-04-22T09:17:51.321+0000] {dag.py:3954} INFO - Setting next_dagrun for hello to None, run_after=None
[2024-04-22T09:17:51.358+0000] {processor.py:183} INFO - Processing /opt/airflow/dags/hello.py took 0.099 seconds
[2024-04-22T09:17:52.565+0000] {processor.py:161} INFO - Started process (PID=80659) to work on /opt/airflow/dags/hello.py
[2024-04-22T09:17:52.566+0000] {processor.py:830} INFO - Processing file /opt/airflow/dags/hello.py for tasks to queue
[2024-04-22T09:17:52.568+0000] {logging_mixin.py:188} INFO - [2024-04-22T09:17:52.567+0000] {dagbag.py:540} INFO - Filling up the DagBag from /opt/airflow/dags/hello.py
[2024-04-22T09:17:52.574+0000] {processor.py:840} INFO - DAG(s) 'hello' retrieved from /opt/airflow/dags/hello.py
[2024-04-22T09:17:52.599+0000] {logging_mixin.py:188} INFO - [2024-04-22T09:17:52.599+0000] {dag.py:3096} INFO - Sync 1 DAGs
[2024-04-22T09:17:52.615+0000] {logging_mixin.py:188} INFO - [2024-04-22T09:17:52.615+0000] {dag.py:3954} INFO - Setting next_dagrun for hello to None, run_after=None
[2024-04-22T09:17:52.641+0000] {processor.py:183} INFO - Processing /opt/airflow/dags/hello.py took 0.082 seconds
[2024-04-22T09:17:55.024+0000] {processor.py:161} INFO - Started process (PID=80694) to work on /opt/airflow/dags/hello.py
[2024-04-22T09:17:55.025+0000] {processor.py:830} INFO - Processing file /opt/airflow/dags/hello.py for tasks to queue
[2024-04-22T09:17:55.026+0000] {logging_mixin.py:188} INFO - [2024-04-22T09:17:55.026+0000] {dagbag.py:540} INFO - Filling up the DagBag from /opt/airflow/dags/hello.py
[2024-04-22T09:17:55.034+0000] {processor.py:840} INFO - DAG(s) 'hello' retrieved from /opt/airflow/dags/hello.py
[2024-04-22T09:17:55.065+0000] {logging_mixin.py:188} INFO - [2024-04-22T09:17:55.065+0000] {dag.py:3096} INFO - Sync 1 DAGs
[2024-04-22T09:17:55.082+0000] {logging_mixin.py:188} INFO - [2024-04-22T09:17:55.082+0000] {dag.py:3954} INFO - Setting next_dagrun for hello to None, run_after=None
[2024-04-22T09:17:55.107+0000] {processor.py:183} INFO - Processing /opt/airflow/dags/hello.py took 0.090 seconds
[2024-04-22T09:18:25.619+0000] {processor.py:161} INFO - Started process (PID=80966) to work on /opt/airflow/dags/hello.py
[2024-04-22T09:18:25.620+0000] {processor.py:830} INFO - Processing file /opt/airflow/dags/hello.py for tasks to queue
[2024-04-22T09:18:25.625+0000] {logging_mixin.py:188} INFO - [2024-04-22T09:18:25.624+0000] {dagbag.py:540} INFO - Filling up the DagBag from /opt/airflow/dags/hello.py
[2024-04-22T09:18:25.631+0000] {processor.py:840} INFO - DAG(s) 'hello' retrieved from /opt/airflow/dags/hello.py
[2024-04-22T09:18:25.654+0000] {logging_mixin.py:188} INFO - [2024-04-22T09:18:25.654+0000] {dag.py:3096} INFO - Sync 1 DAGs
[2024-04-22T09:18:25.670+0000] {logging_mixin.py:188} INFO - [2024-04-22T09:18:25.670+0000] {dag.py:3954} INFO - Setting next_dagrun for hello to None, run_after=None
[2024-04-22T09:18:25.696+0000] {processor.py:183} INFO - Processing /opt/airflow/dags/hello.py took 0.084 seconds
[2024-04-22T09:18:56.314+0000] {processor.py:161} INFO - Started process (PID=81238) to work on /opt/airflow/dags/hello.py
[2024-04-22T09:18:56.315+0000] {processor.py:830} INFO - Processing file /opt/airflow/dags/hello.py for tasks to queue
[2024-04-22T09:18:56.321+0000] {logging_mixin.py:188} INFO - [2024-04-22T09:18:56.317+0000] {dagbag.py:540} INFO - Filling up the DagBag from /opt/airflow/dags/hello.py
[2024-04-22T09:18:56.335+0000] {processor.py:840} INFO - DAG(s) 'hello' retrieved from /opt/airflow/dags/hello.py
[2024-04-22T09:18:56.365+0000] {logging_mixin.py:188} INFO - [2024-04-22T09:18:56.365+0000] {dag.py:3096} INFO - Sync 1 DAGs
[2024-04-22T09:18:56.380+0000] {logging_mixin.py:188} INFO - [2024-04-22T09:18:56.380+0000] {dag.py:3954} INFO - Setting next_dagrun for hello to None, run_after=None
[2024-04-22T09:18:56.415+0000] {processor.py:183} INFO - Processing /opt/airflow/dags/hello.py took 0.132 seconds
[2024-04-22T09:19:27.293+0000] {processor.py:161} INFO - Started process (PID=81510) to work on /opt/airflow/dags/hello.py
[2024-04-22T09:19:27.294+0000] {processor.py:830} INFO - Processing file /opt/airflow/dags/hello.py for tasks to queue
[2024-04-22T09:19:27.296+0000] {logging_mixin.py:188} INFO - [2024-04-22T09:19:27.295+0000] {dagbag.py:540} INFO - Filling up the DagBag from /opt/airflow/dags/hello.py
[2024-04-22T09:19:27.301+0000] {processor.py:840} INFO - DAG(s) 'hello' retrieved from /opt/airflow/dags/hello.py
[2024-04-22T09:19:27.323+0000] {logging_mixin.py:188} INFO - [2024-04-22T09:19:27.322+0000] {dag.py:3096} INFO - Sync 1 DAGs
[2024-04-22T09:19:27.345+0000] {logging_mixin.py:188} INFO - [2024-04-22T09:19:27.345+0000] {dag.py:3954} INFO - Setting next_dagrun for hello to None, run_after=None
[2024-04-22T09:19:27.379+0000] {processor.py:183} INFO - Processing /opt/airflow/dags/hello.py took 0.093 seconds
[2024-04-22T09:19:38.566+0000] {processor.py:161} INFO - Started process (PID=81601) to work on /opt/airflow/dags/hello.py
[2024-04-22T09:19:38.566+0000] {processor.py:830} INFO - Processing file /opt/airflow/dags/hello.py for tasks to queue
[2024-04-22T09:19:38.568+0000] {logging_mixin.py:188} INFO - [2024-04-22T09:19:38.568+0000] {dagbag.py:540} INFO - Filling up the DagBag from /opt/airflow/dags/hello.py
[2024-04-22T09:19:38.573+0000] {processor.py:840} INFO - DAG(s) 'hello' retrieved from /opt/airflow/dags/hello.py
[2024-04-22T09:19:38.588+0000] {logging_mixin.py:188} INFO - [2024-04-22T09:19:38.588+0000] {dag.py:3096} INFO - Sync 1 DAGs
[2024-04-22T09:19:38.599+0000] {logging_mixin.py:188} INFO - [2024-04-22T09:19:38.599+0000] {dag.py:3954} INFO - Setting next_dagrun for hello to None, run_after=None
[2024-04-22T09:19:38.619+0000] {processor.py:183} INFO - Processing /opt/airflow/dags/hello.py took 0.058 seconds
[2024-04-22T09:19:42.739+0000] {processor.py:161} INFO - Started process (PID=81622) to work on /opt/airflow/dags/hello.py
[2024-04-22T09:19:42.740+0000] {processor.py:830} INFO - Processing file /opt/airflow/dags/hello.py for tasks to queue
[2024-04-22T09:19:42.741+0000] {logging_mixin.py:188} INFO - [2024-04-22T09:19:42.741+0000] {dagbag.py:540} INFO - Filling up the DagBag from /opt/airflow/dags/hello.py
[2024-04-22T09:19:42.747+0000] {processor.py:840} INFO - DAG(s) 'hello' retrieved from /opt/airflow/dags/hello.py
[2024-04-22T09:19:42.762+0000] {logging_mixin.py:188} INFO - [2024-04-22T09:19:42.762+0000] {dag.py:3096} INFO - Sync 1 DAGs
[2024-04-22T09:19:42.773+0000] {logging_mixin.py:188} INFO - [2024-04-22T09:19:42.772+0000] {dag.py:3954} INFO - Setting next_dagrun for hello to None, run_after=None
[2024-04-22T09:19:42.794+0000] {processor.py:183} INFO - Processing /opt/airflow/dags/hello.py took 0.060 seconds
[2024-04-22T09:19:43.754+0000] {processor.py:161} INFO - Started process (PID=81627) to work on /opt/airflow/dags/hello.py
[2024-04-22T09:19:43.756+0000] {processor.py:830} INFO - Processing file /opt/airflow/dags/hello.py for tasks to queue
[2024-04-22T09:19:43.759+0000] {logging_mixin.py:188} INFO - [2024-04-22T09:19:43.758+0000] {dagbag.py:540} INFO - Filling up the DagBag from /opt/airflow/dags/hello.py
[2024-04-22T09:19:43.766+0000] {processor.py:840} INFO - DAG(s) 'hello' retrieved from /opt/airflow/dags/hello.py
[2024-04-22T09:19:43.790+0000] {logging_mixin.py:188} INFO - [2024-04-22T09:19:43.790+0000] {dag.py:3096} INFO - Sync 1 DAGs
[2024-04-22T09:19:43.806+0000] {logging_mixin.py:188} INFO - [2024-04-22T09:19:43.805+0000] {dag.py:3954} INFO - Setting next_dagrun for hello to None, run_after=None
[2024-04-22T09:19:43.831+0000] {processor.py:183} INFO - Processing /opt/airflow/dags/hello.py took 0.084 seconds
[2024-04-22T09:19:48.223+0000] {processor.py:161} INFO - Started process (PID=81662) to work on /opt/airflow/dags/hello.py
[2024-04-22T09:19:48.224+0000] {processor.py:830} INFO - Processing file /opt/airflow/dags/hello.py for tasks to queue
[2024-04-22T09:19:48.226+0000] {logging_mixin.py:188} INFO - [2024-04-22T09:19:48.225+0000] {dagbag.py:540} INFO - Filling up the DagBag from /opt/airflow/dags/hello.py
[2024-04-22T09:19:48.234+0000] {processor.py:840} INFO - DAG(s) 'hello' retrieved from /opt/airflow/dags/hello.py
[2024-04-22T09:19:48.257+0000] {logging_mixin.py:188} INFO - [2024-04-22T09:19:48.257+0000] {dag.py:3096} INFO - Sync 1 DAGs
[2024-04-22T09:19:48.277+0000] {logging_mixin.py:188} INFO - [2024-04-22T09:19:48.277+0000] {dag.py:3954} INFO - Setting next_dagrun for hello to None, run_after=None
[2024-04-22T09:19:48.309+0000] {processor.py:183} INFO - Processing /opt/airflow/dags/hello.py took 0.092 seconds
[2024-04-22T09:19:54.524+0000] {processor.py:161} INFO - Started process (PID=81752) to work on /opt/airflow/dags/hello.py
[2024-04-22T09:19:54.525+0000] {processor.py:830} INFO - Processing file /opt/airflow/dags/hello.py for tasks to queue
[2024-04-22T09:19:54.527+0000] {logging_mixin.py:188} INFO - [2024-04-22T09:19:54.527+0000] {dagbag.py:540} INFO - Filling up the DagBag from /opt/airflow/dags/hello.py
[2024-04-22T09:19:54.534+0000] {processor.py:840} INFO - DAG(s) 'hello' retrieved from /opt/airflow/dags/hello.py
[2024-04-22T09:19:54.557+0000] {logging_mixin.py:188} INFO - [2024-04-22T09:19:54.557+0000] {dag.py:3096} INFO - Sync 1 DAGs
[2024-04-22T09:19:54.587+0000] {logging_mixin.py:188} INFO - [2024-04-22T09:19:54.587+0000] {dag.py:3954} INFO - Setting next_dagrun for hello to None, run_after=None
[2024-04-22T09:19:54.619+0000] {processor.py:183} INFO - Processing /opt/airflow/dags/hello.py took 0.101 seconds
[2024-04-22T09:19:58.078+0000] {processor.py:161} INFO - Started process (PID=81807) to work on /opt/airflow/dags/hello.py
[2024-04-22T09:19:58.078+0000] {processor.py:830} INFO - Processing file /opt/airflow/dags/hello.py for tasks to queue
[2024-04-22T09:19:58.080+0000] {logging_mixin.py:188} INFO - [2024-04-22T09:19:58.080+0000] {dagbag.py:540} INFO - Filling up the DagBag from /opt/airflow/dags/hello.py
[2024-04-22T09:19:58.087+0000] {processor.py:840} INFO - DAG(s) 'hello' retrieved from /opt/airflow/dags/hello.py
[2024-04-22T09:19:58.111+0000] {logging_mixin.py:188} INFO - [2024-04-22T09:19:58.111+0000] {dag.py:3096} INFO - Sync 1 DAGs
[2024-04-22T09:19:58.128+0000] {logging_mixin.py:188} INFO - [2024-04-22T09:19:58.128+0000] {dag.py:3954} INFO - Setting next_dagrun for hello to None, run_after=None
[2024-04-22T09:19:58.156+0000] {processor.py:183} INFO - Processing /opt/airflow/dags/hello.py took 0.085 seconds
[2024-04-22T09:20:00.338+0000] {processor.py:161} INFO - Started process (PID=81827) to work on /opt/airflow/dags/hello.py
[2024-04-22T09:20:00.343+0000] {processor.py:830} INFO - Processing file /opt/airflow/dags/hello.py for tasks to queue
[2024-04-22T09:20:00.345+0000] {logging_mixin.py:188} INFO - [2024-04-22T09:20:00.345+0000] {dagbag.py:540} INFO - Filling up the DagBag from /opt/airflow/dags/hello.py
[2024-04-22T09:20:00.356+0000] {processor.py:840} INFO - DAG(s) 'hello' retrieved from /opt/airflow/dags/hello.py
[2024-04-22T09:20:00.378+0000] {logging_mixin.py:188} INFO - [2024-04-22T09:20:00.378+0000] {dag.py:3096} INFO - Sync 1 DAGs
[2024-04-22T09:20:00.395+0000] {logging_mixin.py:188} INFO - [2024-04-22T09:20:00.394+0000] {dag.py:3954} INFO - Setting next_dagrun for hello to None, run_after=None
[2024-04-22T09:20:00.426+0000] {processor.py:183} INFO - Processing /opt/airflow/dags/hello.py took 0.094 seconds
[2024-04-22T09:20:03.250+0000] {processor.py:161} INFO - Started process (PID=81877) to work on /opt/airflow/dags/hello.py
[2024-04-22T09:20:03.251+0000] {processor.py:830} INFO - Processing file /opt/airflow/dags/hello.py for tasks to queue
[2024-04-22T09:20:03.253+0000] {logging_mixin.py:188} INFO - [2024-04-22T09:20:03.253+0000] {dagbag.py:540} INFO - Filling up the DagBag from /opt/airflow/dags/hello.py
[2024-04-22T09:20:03.260+0000] {processor.py:840} INFO - DAG(s) 'hello' retrieved from /opt/airflow/dags/hello.py
[2024-04-22T09:20:03.291+0000] {logging_mixin.py:188} INFO - [2024-04-22T09:20:03.290+0000] {dag.py:3096} INFO - Sync 1 DAGs
[2024-04-22T09:20:03.306+0000] {logging_mixin.py:188} INFO - [2024-04-22T09:20:03.306+0000] {dag.py:3954} INFO - Setting next_dagrun for hello to None, run_after=None
[2024-04-22T09:20:03.333+0000] {processor.py:183} INFO - Processing /opt/airflow/dags/hello.py took 0.089 seconds
[2024-04-22T09:20:05.377+0000] {processor.py:161} INFO - Started process (PID=81888) to work on /opt/airflow/dags/hello.py
[2024-04-22T09:20:05.378+0000] {processor.py:830} INFO - Processing file /opt/airflow/dags/hello.py for tasks to queue
[2024-04-22T09:20:05.379+0000] {logging_mixin.py:188} INFO - [2024-04-22T09:20:05.379+0000] {dagbag.py:540} INFO - Filling up the DagBag from /opt/airflow/dags/hello.py
[2024-04-22T09:20:05.386+0000] {processor.py:840} INFO - DAG(s) 'hello' retrieved from /opt/airflow/dags/hello.py
[2024-04-22T09:20:05.413+0000] {logging_mixin.py:188} INFO - [2024-04-22T09:20:05.413+0000] {dag.py:3096} INFO - Sync 1 DAGs
[2024-04-22T09:20:05.431+0000] {logging_mixin.py:188} INFO - [2024-04-22T09:20:05.431+0000] {dag.py:3954} INFO - Setting next_dagrun for hello to None, run_after=None
[2024-04-22T09:20:05.459+0000] {processor.py:183} INFO - Processing /opt/airflow/dags/hello.py took 0.089 seconds
[2024-04-22T09:20:23.710+0000] {processor.py:161} INFO - Started process (PID=82033) to work on /opt/airflow/dags/hello.py
[2024-04-22T09:20:23.711+0000] {processor.py:830} INFO - Processing file /opt/airflow/dags/hello.py for tasks to queue
[2024-04-22T09:20:23.713+0000] {logging_mixin.py:188} INFO - [2024-04-22T09:20:23.712+0000] {dagbag.py:540} INFO - Filling up the DagBag from /opt/airflow/dags/hello.py
[2024-04-22T09:20:23.720+0000] {processor.py:840} INFO - DAG(s) 'hello' retrieved from /opt/airflow/dags/hello.py
[2024-04-22T09:20:23.864+0000] {logging_mixin.py:188} INFO - [2024-04-22T09:20:23.864+0000] {dag.py:3096} INFO - Sync 1 DAGs
[2024-04-22T09:20:23.876+0000] {logging_mixin.py:188} INFO - [2024-04-22T09:20:23.876+0000] {dag.py:3954} INFO - Setting next_dagrun for hello to None, run_after=None
[2024-04-22T09:20:23.902+0000] {processor.py:183} INFO - Processing /opt/airflow/dags/hello.py took 0.199 seconds
[2024-04-22T09:20:27.351+0000] {processor.py:161} INFO - Started process (PID=82090) to work on /opt/airflow/dags/hello.py
[2024-04-22T09:20:27.352+0000] {processor.py:830} INFO - Processing file /opt/airflow/dags/hello.py for tasks to queue
[2024-04-22T09:20:27.354+0000] {logging_mixin.py:188} INFO - [2024-04-22T09:20:27.353+0000] {dagbag.py:540} INFO - Filling up the DagBag from /opt/airflow/dags/hello.py
[2024-04-22T09:20:27.361+0000] {processor.py:840} INFO - DAG(s) 'hello' retrieved from /opt/airflow/dags/hello.py
[2024-04-22T09:20:27.374+0000] {logging_mixin.py:188} INFO - [2024-04-22T09:20:27.374+0000] {dag.py:3096} INFO - Sync 1 DAGs
[2024-04-22T09:20:27.392+0000] {logging_mixin.py:188} INFO - [2024-04-22T09:20:27.392+0000] {dag.py:3954} INFO - Setting next_dagrun for hello to None, run_after=None
[2024-04-22T09:20:27.434+0000] {processor.py:183} INFO - Processing /opt/airflow/dags/hello.py took 0.090 seconds
[2024-04-22T09:20:30.633+0000] {processor.py:161} INFO - Started process (PID=82120) to work on /opt/airflow/dags/hello.py
[2024-04-22T09:20:30.633+0000] {processor.py:830} INFO - Processing file /opt/airflow/dags/hello.py for tasks to queue
[2024-04-22T09:20:30.635+0000] {logging_mixin.py:188} INFO - [2024-04-22T09:20:30.634+0000] {dagbag.py:540} INFO - Filling up the DagBag from /opt/airflow/dags/hello.py
[2024-04-22T09:20:30.640+0000] {processor.py:840} INFO - DAG(s) 'hello' retrieved from /opt/airflow/dags/hello.py
[2024-04-22T09:20:30.649+0000] {logging_mixin.py:188} INFO - [2024-04-22T09:20:30.649+0000] {dag.py:3096} INFO - Sync 1 DAGs
[2024-04-22T09:20:30.660+0000] {logging_mixin.py:188} INFO - [2024-04-22T09:20:30.660+0000] {dag.py:3954} INFO - Setting next_dagrun for hello to None, run_after=None
[2024-04-22T09:20:30.684+0000] {processor.py:183} INFO - Processing /opt/airflow/dags/hello.py took 0.056 seconds
[2024-04-22T09:21:01.477+0000] {processor.py:161} INFO - Started process (PID=82392) to work on /opt/airflow/dags/hello.py
[2024-04-22T09:21:01.477+0000] {processor.py:830} INFO - Processing file /opt/airflow/dags/hello.py for tasks to queue
[2024-04-22T09:21:01.479+0000] {logging_mixin.py:188} INFO - [2024-04-22T09:21:01.479+0000] {dagbag.py:540} INFO - Filling up the DagBag from /opt/airflow/dags/hello.py
[2024-04-22T09:21:01.483+0000] {processor.py:840} INFO - DAG(s) 'hello' retrieved from /opt/airflow/dags/hello.py
[2024-04-22T09:21:01.583+0000] {logging_mixin.py:188} INFO - [2024-04-22T09:21:01.583+0000] {dag.py:3096} INFO - Sync 1 DAGs
[2024-04-22T09:21:01.591+0000] {logging_mixin.py:188} INFO - [2024-04-22T09:21:01.591+0000] {dag.py:3954} INFO - Setting next_dagrun for hello to None, run_after=None
[2024-04-22T09:21:01.610+0000] {processor.py:183} INFO - Processing /opt/airflow/dags/hello.py took 0.138 seconds
[2024-04-22T09:21:32.065+0000] {processor.py:161} INFO - Started process (PID=82665) to work on /opt/airflow/dags/hello.py
[2024-04-22T09:21:32.066+0000] {processor.py:830} INFO - Processing file /opt/airflow/dags/hello.py for tasks to queue
[2024-04-22T09:21:32.068+0000] {logging_mixin.py:188} INFO - [2024-04-22T09:21:32.068+0000] {dagbag.py:540} INFO - Filling up the DagBag from /opt/airflow/dags/hello.py
[2024-04-22T09:21:32.072+0000] {processor.py:840} INFO - DAG(s) 'hello' retrieved from /opt/airflow/dags/hello.py
[2024-04-22T09:21:32.089+0000] {logging_mixin.py:188} INFO - [2024-04-22T09:21:32.089+0000] {dag.py:3096} INFO - Sync 1 DAGs
[2024-04-22T09:21:32.099+0000] {logging_mixin.py:188} INFO - [2024-04-22T09:21:32.099+0000] {dag.py:3954} INFO - Setting next_dagrun for hello to None, run_after=None
[2024-04-22T09:21:32.118+0000] {processor.py:183} INFO - Processing /opt/airflow/dags/hello.py took 0.058 seconds
[2024-04-22T09:22:02.303+0000] {processor.py:161} INFO - Started process (PID=82937) to work on /opt/airflow/dags/hello.py
[2024-04-22T09:22:02.303+0000] {processor.py:830} INFO - Processing file /opt/airflow/dags/hello.py for tasks to queue
[2024-04-22T09:22:02.305+0000] {logging_mixin.py:188} INFO - [2024-04-22T09:22:02.305+0000] {dagbag.py:540} INFO - Filling up the DagBag from /opt/airflow/dags/hello.py
[2024-04-22T09:22:02.309+0000] {processor.py:840} INFO - DAG(s) 'hello' retrieved from /opt/airflow/dags/hello.py
[2024-04-22T09:22:02.325+0000] {logging_mixin.py:188} INFO - [2024-04-22T09:22:02.325+0000] {dag.py:3096} INFO - Sync 1 DAGs
[2024-04-22T09:22:02.335+0000] {logging_mixin.py:188} INFO - [2024-04-22T09:22:02.335+0000] {dag.py:3954} INFO - Setting next_dagrun for hello to None, run_after=None
[2024-04-22T09:22:02.355+0000] {processor.py:183} INFO - Processing /opt/airflow/dags/hello.py took 0.057 seconds
[2024-04-22T09:22:32.873+0000] {processor.py:161} INFO - Started process (PID=83210) to work on /opt/airflow/dags/hello.py
[2024-04-22T09:22:32.873+0000] {processor.py:830} INFO - Processing file /opt/airflow/dags/hello.py for tasks to queue
[2024-04-22T09:22:32.875+0000] {logging_mixin.py:188} INFO - [2024-04-22T09:22:32.875+0000] {dagbag.py:540} INFO - Filling up the DagBag from /opt/airflow/dags/hello.py
[2024-04-22T09:22:32.879+0000] {processor.py:840} INFO - DAG(s) 'hello' retrieved from /opt/airflow/dags/hello.py
[2024-04-22T09:22:32.897+0000] {logging_mixin.py:188} INFO - [2024-04-22T09:22:32.897+0000] {dag.py:3096} INFO - Sync 1 DAGs
[2024-04-22T09:22:32.907+0000] {logging_mixin.py:188} INFO - [2024-04-22T09:22:32.907+0000] {dag.py:3954} INFO - Setting next_dagrun for hello to None, run_after=None
[2024-04-22T09:22:32.925+0000] {processor.py:183} INFO - Processing /opt/airflow/dags/hello.py took 0.058 seconds
[2024-04-22T09:23:03.208+0000] {processor.py:161} INFO - Started process (PID=83483) to work on /opt/airflow/dags/hello.py
[2024-04-22T09:23:03.209+0000] {processor.py:830} INFO - Processing file /opt/airflow/dags/hello.py for tasks to queue
[2024-04-22T09:23:03.211+0000] {logging_mixin.py:188} INFO - [2024-04-22T09:23:03.210+0000] {dagbag.py:540} INFO - Filling up the DagBag from /opt/airflow/dags/hello.py
[2024-04-22T09:23:03.215+0000] {processor.py:840} INFO - DAG(s) 'hello' retrieved from /opt/airflow/dags/hello.py
[2024-04-22T09:23:03.231+0000] {logging_mixin.py:188} INFO - [2024-04-22T09:23:03.231+0000] {dag.py:3096} INFO - Sync 1 DAGs
[2024-04-22T09:23:03.242+0000] {logging_mixin.py:188} INFO - [2024-04-22T09:23:03.242+0000] {dag.py:3954} INFO - Setting next_dagrun for hello to None, run_after=None
[2024-04-22T09:23:03.261+0000] {processor.py:183} INFO - Processing /opt/airflow/dags/hello.py took 0.058 seconds
[2024-04-22T09:23:33.504+0000] {processor.py:161} INFO - Started process (PID=83756) to work on /opt/airflow/dags/hello.py
[2024-04-22T09:23:33.504+0000] {processor.py:830} INFO - Processing file /opt/airflow/dags/hello.py for tasks to queue
[2024-04-22T09:23:33.506+0000] {logging_mixin.py:188} INFO - [2024-04-22T09:23:33.506+0000] {dagbag.py:540} INFO - Filling up the DagBag from /opt/airflow/dags/hello.py
[2024-04-22T09:23:33.510+0000] {processor.py:840} INFO - DAG(s) 'hello' retrieved from /opt/airflow/dags/hello.py
[2024-04-22T09:23:33.527+0000] {logging_mixin.py:188} INFO - [2024-04-22T09:23:33.526+0000] {dag.py:3096} INFO - Sync 1 DAGs
[2024-04-22T09:23:33.537+0000] {logging_mixin.py:188} INFO - [2024-04-22T09:23:33.537+0000] {dag.py:3954} INFO - Setting next_dagrun for hello to None, run_after=None
[2024-04-22T09:23:33.556+0000] {processor.py:183} INFO - Processing /opt/airflow/dags/hello.py took 0.057 seconds
[2024-04-22T09:24:04.126+0000] {processor.py:161} INFO - Started process (PID=84029) to work on /opt/airflow/dags/hello.py
[2024-04-22T09:24:04.126+0000] {processor.py:830} INFO - Processing file /opt/airflow/dags/hello.py for tasks to queue
[2024-04-22T09:24:04.128+0000] {logging_mixin.py:188} INFO - [2024-04-22T09:24:04.128+0000] {dagbag.py:540} INFO - Filling up the DagBag from /opt/airflow/dags/hello.py
[2024-04-22T09:24:04.132+0000] {processor.py:840} INFO - DAG(s) 'hello' retrieved from /opt/airflow/dags/hello.py
[2024-04-22T09:24:04.150+0000] {logging_mixin.py:188} INFO - [2024-04-22T09:24:04.149+0000] {dag.py:3096} INFO - Sync 1 DAGs
[2024-04-22T09:24:04.160+0000] {logging_mixin.py:188} INFO - [2024-04-22T09:24:04.160+0000] {dag.py:3954} INFO - Setting next_dagrun for hello to None, run_after=None
[2024-04-22T09:24:04.180+0000] {processor.py:183} INFO - Processing /opt/airflow/dags/hello.py took 0.059 seconds
[2024-04-22T09:24:34.373+0000] {processor.py:161} INFO - Started process (PID=84315) to work on /opt/airflow/dags/hello.py
[2024-04-22T09:24:34.374+0000] {processor.py:830} INFO - Processing file /opt/airflow/dags/hello.py for tasks to queue
[2024-04-22T09:24:34.376+0000] {logging_mixin.py:188} INFO - [2024-04-22T09:24:34.376+0000] {dagbag.py:540} INFO - Filling up the DagBag from /opt/airflow/dags/hello.py
[2024-04-22T09:24:34.380+0000] {processor.py:840} INFO - DAG(s) 'hello' retrieved from /opt/airflow/dags/hello.py
[2024-04-22T09:24:34.403+0000] {logging_mixin.py:188} INFO - [2024-04-22T09:24:34.403+0000] {dag.py:3096} INFO - Sync 1 DAGs
[2024-04-22T09:24:34.418+0000] {logging_mixin.py:188} INFO - [2024-04-22T09:24:34.418+0000] {dag.py:3954} INFO - Setting next_dagrun for hello to None, run_after=None
[2024-04-22T09:24:34.443+0000] {processor.py:183} INFO - Processing /opt/airflow/dags/hello.py took 0.075 seconds
[2024-04-22T09:25:05.322+0000] {processor.py:161} INFO - Started process (PID=84594) to work on /opt/airflow/dags/hello.py
[2024-04-22T09:25:05.323+0000] {processor.py:830} INFO - Processing file /opt/airflow/dags/hello.py for tasks to queue
[2024-04-22T09:25:05.325+0000] {logging_mixin.py:188} INFO - [2024-04-22T09:25:05.325+0000] {dagbag.py:540} INFO - Filling up the DagBag from /opt/airflow/dags/hello.py
[2024-04-22T09:25:05.329+0000] {processor.py:840} INFO - DAG(s) 'hello' retrieved from /opt/airflow/dags/hello.py
[2024-04-22T09:25:05.349+0000] {logging_mixin.py:188} INFO - [2024-04-22T09:25:05.349+0000] {dag.py:3096} INFO - Sync 1 DAGs
[2024-04-22T09:25:05.359+0000] {logging_mixin.py:188} INFO - [2024-04-22T09:25:05.359+0000] {dag.py:3954} INFO - Setting next_dagrun for hello to None, run_after=None
[2024-04-22T09:25:05.378+0000] {processor.py:183} INFO - Processing /opt/airflow/dags/hello.py took 0.061 seconds
[2024-04-22T09:25:35.580+0000] {processor.py:161} INFO - Started process (PID=84868) to work on /opt/airflow/dags/hello.py
[2024-04-22T09:25:35.582+0000] {processor.py:830} INFO - Processing file /opt/airflow/dags/hello.py for tasks to queue
[2024-04-22T09:25:35.591+0000] {logging_mixin.py:188} INFO - [2024-04-22T09:25:35.584+0000] {dagbag.py:540} INFO - Filling up the DagBag from /opt/airflow/dags/hello.py
[2024-04-22T09:25:35.605+0000] {processor.py:840} INFO - DAG(s) 'hello' retrieved from /opt/airflow/dags/hello.py
[2024-04-22T09:25:35.653+0000] {logging_mixin.py:188} INFO - [2024-04-22T09:25:35.653+0000] {dag.py:3096} INFO - Sync 1 DAGs
[2024-04-22T09:25:35.682+0000] {logging_mixin.py:188} INFO - [2024-04-22T09:25:35.682+0000] {dag.py:3954} INFO - Setting next_dagrun for hello to None, run_after=None
[2024-04-22T09:25:35.721+0000] {processor.py:183} INFO - Processing /opt/airflow/dags/hello.py took 0.151 seconds
[2024-04-22T09:26:06.018+0000] {processor.py:161} INFO - Started process (PID=85145) to work on /opt/airflow/dags/hello.py
[2024-04-22T09:26:06.019+0000] {processor.py:830} INFO - Processing file /opt/airflow/dags/hello.py for tasks to queue
[2024-04-22T09:26:06.021+0000] {logging_mixin.py:188} INFO - [2024-04-22T09:26:06.021+0000] {dagbag.py:540} INFO - Filling up the DagBag from /opt/airflow/dags/hello.py
[2024-04-22T09:26:06.025+0000] {processor.py:840} INFO - DAG(s) 'hello' retrieved from /opt/airflow/dags/hello.py
[2024-04-22T09:26:06.041+0000] {logging_mixin.py:188} INFO - [2024-04-22T09:26:06.041+0000] {dag.py:3096} INFO - Sync 1 DAGs
[2024-04-22T09:26:06.052+0000] {logging_mixin.py:188} INFO - [2024-04-22T09:26:06.052+0000] {dag.py:3954} INFO - Setting next_dagrun for hello to None, run_after=None
[2024-04-22T09:26:06.071+0000] {processor.py:183} INFO - Processing /opt/airflow/dags/hello.py took 0.057 seconds
[2024-04-22T09:26:36.656+0000] {processor.py:161} INFO - Started process (PID=85418) to work on /opt/airflow/dags/hello.py
[2024-04-22T09:26:36.656+0000] {processor.py:830} INFO - Processing file /opt/airflow/dags/hello.py for tasks to queue
[2024-04-22T09:26:36.658+0000] {logging_mixin.py:188} INFO - [2024-04-22T09:26:36.658+0000] {dagbag.py:540} INFO - Filling up the DagBag from /opt/airflow/dags/hello.py
[2024-04-22T09:26:36.662+0000] {processor.py:840} INFO - DAG(s) 'hello' retrieved from /opt/airflow/dags/hello.py
[2024-04-22T09:26:36.679+0000] {logging_mixin.py:188} INFO - [2024-04-22T09:26:36.678+0000] {dag.py:3096} INFO - Sync 1 DAGs
[2024-04-22T09:26:36.690+0000] {logging_mixin.py:188} INFO - [2024-04-22T09:26:36.690+0000] {dag.py:3954} INFO - Setting next_dagrun for hello to None, run_after=None
[2024-04-22T09:26:36.710+0000] {processor.py:183} INFO - Processing /opt/airflow/dags/hello.py took 0.059 seconds
[2024-04-22T09:27:06.932+0000] {processor.py:161} INFO - Started process (PID=85691) to work on /opt/airflow/dags/hello.py
[2024-04-22T09:27:06.933+0000] {processor.py:830} INFO - Processing file /opt/airflow/dags/hello.py for tasks to queue
[2024-04-22T09:27:06.934+0000] {logging_mixin.py:188} INFO - [2024-04-22T09:27:06.934+0000] {dagbag.py:540} INFO - Filling up the DagBag from /opt/airflow/dags/hello.py
[2024-04-22T09:27:06.939+0000] {processor.py:840} INFO - DAG(s) 'hello' retrieved from /opt/airflow/dags/hello.py
[2024-04-22T09:27:06.956+0000] {logging_mixin.py:188} INFO - [2024-04-22T09:27:06.955+0000] {dag.py:3096} INFO - Sync 1 DAGs
[2024-04-22T09:27:06.968+0000] {logging_mixin.py:188} INFO - [2024-04-22T09:27:06.968+0000] {dag.py:3954} INFO - Setting next_dagrun for hello to None, run_after=None
[2024-04-22T09:27:06.987+0000] {processor.py:183} INFO - Processing /opt/airflow/dags/hello.py took 0.060 seconds
[2024-04-22T09:27:37.140+0000] {processor.py:161} INFO - Started process (PID=85963) to work on /opt/airflow/dags/hello.py
[2024-04-22T09:27:37.141+0000] {processor.py:830} INFO - Processing file /opt/airflow/dags/hello.py for tasks to queue
[2024-04-22T09:27:37.142+0000] {logging_mixin.py:188} INFO - [2024-04-22T09:27:37.142+0000] {dagbag.py:540} INFO - Filling up the DagBag from /opt/airflow/dags/hello.py
[2024-04-22T09:27:37.147+0000] {processor.py:840} INFO - DAG(s) 'hello' retrieved from /opt/airflow/dags/hello.py
[2024-04-22T09:27:37.162+0000] {logging_mixin.py:188} INFO - [2024-04-22T09:27:37.162+0000] {dag.py:3096} INFO - Sync 1 DAGs
[2024-04-22T09:27:37.173+0000] {logging_mixin.py:188} INFO - [2024-04-22T09:27:37.173+0000] {dag.py:3954} INFO - Setting next_dagrun for hello to None, run_after=None
[2024-04-22T09:27:37.191+0000] {processor.py:183} INFO - Processing /opt/airflow/dags/hello.py took 0.056 seconds
[2024-04-22T09:28:07.338+0000] {processor.py:161} INFO - Started process (PID=86235) to work on /opt/airflow/dags/hello.py
[2024-04-22T09:28:07.339+0000] {processor.py:830} INFO - Processing file /opt/airflow/dags/hello.py for tasks to queue
[2024-04-22T09:28:07.340+0000] {logging_mixin.py:188} INFO - [2024-04-22T09:28:07.340+0000] {dagbag.py:540} INFO - Filling up the DagBag from /opt/airflow/dags/hello.py
[2024-04-22T09:28:07.345+0000] {processor.py:840} INFO - DAG(s) 'hello' retrieved from /opt/airflow/dags/hello.py
[2024-04-22T09:28:07.361+0000] {logging_mixin.py:188} INFO - [2024-04-22T09:28:07.361+0000] {dag.py:3096} INFO - Sync 1 DAGs
[2024-04-22T09:28:07.372+0000] {logging_mixin.py:188} INFO - [2024-04-22T09:28:07.371+0000] {dag.py:3954} INFO - Setting next_dagrun for hello to None, run_after=None
[2024-04-22T09:28:07.392+0000] {processor.py:183} INFO - Processing /opt/airflow/dags/hello.py took 0.059 seconds
[2024-04-22T09:28:37.613+0000] {processor.py:161} INFO - Started process (PID=86507) to work on /opt/airflow/dags/hello.py
[2024-04-22T09:28:37.614+0000] {processor.py:830} INFO - Processing file /opt/airflow/dags/hello.py for tasks to queue
[2024-04-22T09:28:37.615+0000] {logging_mixin.py:188} INFO - [2024-04-22T09:28:37.615+0000] {dagbag.py:540} INFO - Filling up the DagBag from /opt/airflow/dags/hello.py
[2024-04-22T09:28:37.625+0000] {processor.py:840} INFO - DAG(s) 'hello' retrieved from /opt/airflow/dags/hello.py
[2024-04-22T09:28:37.661+0000] {logging_mixin.py:188} INFO - [2024-04-22T09:28:37.661+0000] {dag.py:3096} INFO - Sync 1 DAGs
[2024-04-22T09:28:37.678+0000] {logging_mixin.py:188} INFO - [2024-04-22T09:28:37.677+0000] {dag.py:3954} INFO - Setting next_dagrun for hello to None, run_after=None
[2024-04-22T09:28:37.706+0000] {processor.py:183} INFO - Processing /opt/airflow/dags/hello.py took 0.111 seconds
[2024-04-22T09:29:07.997+0000] {processor.py:161} INFO - Started process (PID=86780) to work on /opt/airflow/dags/hello.py
[2024-04-22T09:29:07.998+0000] {processor.py:830} INFO - Processing file /opt/airflow/dags/hello.py for tasks to queue
[2024-04-22T09:29:07.999+0000] {logging_mixin.py:188} INFO - [2024-04-22T09:29:07.999+0000] {dagbag.py:540} INFO - Filling up the DagBag from /opt/airflow/dags/hello.py
[2024-04-22T09:29:08.004+0000] {processor.py:840} INFO - DAG(s) 'hello' retrieved from /opt/airflow/dags/hello.py
[2024-04-22T09:29:08.020+0000] {logging_mixin.py:188} INFO - [2024-04-22T09:29:08.020+0000] {dag.py:3096} INFO - Sync 1 DAGs
[2024-04-22T09:29:08.031+0000] {logging_mixin.py:188} INFO - [2024-04-22T09:29:08.030+0000] {dag.py:3954} INFO - Setting next_dagrun for hello to None, run_after=None
[2024-04-22T09:29:08.050+0000] {processor.py:183} INFO - Processing /opt/airflow/dags/hello.py took 0.058 seconds
[2024-04-22T09:29:38.322+0000] {processor.py:161} INFO - Started process (PID=87053) to work on /opt/airflow/dags/hello.py
[2024-04-22T09:29:38.323+0000] {processor.py:830} INFO - Processing file /opt/airflow/dags/hello.py for tasks to queue
[2024-04-22T09:29:38.324+0000] {logging_mixin.py:188} INFO - [2024-04-22T09:29:38.324+0000] {dagbag.py:540} INFO - Filling up the DagBag from /opt/airflow/dags/hello.py
[2024-04-22T09:29:38.329+0000] {processor.py:840} INFO - DAG(s) 'hello' retrieved from /opt/airflow/dags/hello.py
[2024-04-22T09:29:38.345+0000] {logging_mixin.py:188} INFO - [2024-04-22T09:29:38.345+0000] {dag.py:3096} INFO - Sync 1 DAGs
[2024-04-22T09:29:38.355+0000] {logging_mixin.py:188} INFO - [2024-04-22T09:29:38.355+0000] {dag.py:3954} INFO - Setting next_dagrun for hello to None, run_after=None
[2024-04-22T09:29:38.376+0000] {processor.py:183} INFO - Processing /opt/airflow/dags/hello.py took 0.058 seconds
[2024-04-22T09:30:08.593+0000] {processor.py:161} INFO - Started process (PID=87325) to work on /opt/airflow/dags/hello.py
[2024-04-22T09:30:08.594+0000] {processor.py:830} INFO - Processing file /opt/airflow/dags/hello.py for tasks to queue
[2024-04-22T09:30:08.595+0000] {logging_mixin.py:188} INFO - [2024-04-22T09:30:08.595+0000] {dagbag.py:540} INFO - Filling up the DagBag from /opt/airflow/dags/hello.py
[2024-04-22T09:30:08.599+0000] {processor.py:840} INFO - DAG(s) 'hello' retrieved from /opt/airflow/dags/hello.py
[2024-04-22T09:30:08.619+0000] {logging_mixin.py:188} INFO - [2024-04-22T09:30:08.618+0000] {dag.py:3096} INFO - Sync 1 DAGs
[2024-04-22T09:30:08.629+0000] {logging_mixin.py:188} INFO - [2024-04-22T09:30:08.629+0000] {dag.py:3954} INFO - Setting next_dagrun for hello to None, run_after=None
[2024-04-22T09:30:08.648+0000] {processor.py:183} INFO - Processing /opt/airflow/dags/hello.py took 0.060 seconds
