[2024-04-22T09:24:33.781+0000] {local_task_job_runner.py:120} INFO - ::group::Pre task execution logs
[2024-04-22T09:24:33.815+0000] {taskinstance.py:2073} INFO - Dependencies all met for dep_context=non-requeueable deps ti=<TaskInstance: hello.echo_hello manual__2024-04-22T09:24:31.138029+00:00 [queued]>
[2024-04-22T09:24:33.822+0000] {taskinstance.py:2073} INFO - Dependencies all met for dep_context=requeueable deps ti=<TaskInstance: hello.echo_hello manual__2024-04-22T09:24:31.138029+00:00 [queued]>
[2024-04-22T09:24:33.822+0000] {taskinstance.py:2303} INFO - Starting attempt 1 of 1
[2024-04-22T09:24:33.839+0000] {taskinstance.py:2327} INFO - Executing <Task(BashOperator): echo_hello> on 2024-04-22 09:24:31.138029+00:00
[2024-04-22T09:24:33.849+0000] {standard_task_runner.py:90} INFO - Running: ['***', 'tasks', 'run', 'hello', 'echo_hello', 'manual__2024-04-22T09:24:31.138029+00:00', '--job-id', '5', '--raw', '--subdir', 'DAGS_FOLDER/hello.py', '--cfg-path', '/tmp/tmpwnf6ymvc']
[2024-04-22T09:24:33.853+0000] {logging_mixin.py:188} WARNING - /home/***/.local/lib/python3.12/site-packages/***/task/task_runner/standard_task_runner.py:61 DeprecationWarning: This process (pid=84302) is multi-threaded, use of fork() may lead to deadlocks in the child.
[2024-04-22T09:24:33.853+0000] {standard_task_runner.py:63} INFO - Started process 84313 to run task
[2024-04-22T09:24:33.852+0000] {standard_task_runner.py:91} INFO - Job 5: Subtask echo_hello
[2024-04-22T09:24:33.911+0000] {task_command.py:426} INFO - Running <TaskInstance: hello.echo_hello manual__2024-04-22T09:24:31.138029+00:00 [running]> on host f3c104231d9b
[2024-04-22T09:24:34.024+0000] {taskinstance.py:2644} INFO - Exporting env vars: AIRFLOW_CTX_DAG_OWNER='***' AIRFLOW_CTX_DAG_ID='hello' AIRFLOW_CTX_TASK_ID='echo_hello' AIRFLOW_CTX_EXECUTION_DATE='2024-04-22T09:24:31.138029+00:00' AIRFLOW_CTX_TRY_NUMBER='1' AIRFLOW_CTX_DAG_RUN_ID='manual__2024-04-22T09:24:31.138029+00:00'
[2024-04-22T09:24:34.026+0000] {taskinstance.py:430} INFO - ::endgroup::
[2024-04-22T09:24:34.027+0000] {subprocess.py:63} INFO - Tmp dir root location: /tmp
[2024-04-22T09:24:34.030+0000] {subprocess.py:75} INFO - Running command: ['/usr/bin/bash', '-c', "echo 'hello'"]
[2024-04-22T09:24:34.047+0000] {subprocess.py:86} INFO - Output:
[2024-04-22T09:24:34.050+0000] {subprocess.py:93} INFO - hello
[2024-04-22T09:24:34.051+0000] {subprocess.py:97} INFO - Command exited with return code 0
[2024-04-22T09:24:34.051+0000] {taskinstance.py:441} INFO - ::group::Post task execution logs
[2024-04-22T09:24:34.074+0000] {taskinstance.py:1205} INFO - Marking task as SUCCESS. dag_id=hello, task_id=echo_hello, execution_date=20240422T092431, start_date=20240422T092433, end_date=20240422T092434
[2024-04-22T09:24:34.113+0000] {local_task_job_runner.py:240} INFO - Task exited with return code 0
[2024-04-22T09:24:34.129+0000] {taskinstance.py:3482} INFO - 0 downstream tasks scheduled from follow-on schedule check
[2024-04-22T09:24:34.139+0000] {local_task_job_runner.py:222} INFO - ::endgroup::
