[0m07:01:37.839194 [debug] [MainThread]: Sending event: {'category': 'dbt', 'action': 'invocation', 'label': 'start', 'context': [<snowplow_tracker.self_describing_json.SelfDescribingJson object at 0x7fd64640b460>, <snowplow_tracker.self_describing_json.SelfDescribingJson object at 0x7fd644683160>, <snowplow_tracker.self_describing_json.SelfDescribingJson object at 0x7fd644683100>]}


============================== 07:01:37.847373 | d1b501a3-cbc3-474b-9c48-aa5e922b77fb ==============================
[0m07:01:37.847373 [info ] [MainThread]: Running with dbt=1.7.13
[0m07:01:37.848389 [debug] [MainThread]: running dbt with arguments {'printer_width': '80', 'indirect_selection': 'eager', 'write_json': 'True', 'log_cache_events': 'False', 'partial_parse': 'True', 'cache_selected_only': 'False', 'warn_error': 'None', 'fail_fast': 'False', 'profiles_dir': '/home/codespace/.dbt', 'log_path': 'logs', 'debug': 'False', 'version_check': 'True', 'use_colors': 'True', 'use_experimental_parser': 'False', 'no_print': 'None', 'quiet': 'False', 'warn_error_options': 'WarnErrorOptions(include=[], exclude=[])', 'introspect': 'True', 'invocation_command': 'dbt init', 'log_format': 'default', 'target_path': 'None', 'static_parser': 'True', 'send_anonymous_usage_stats': 'True'}
[0m07:01:37.849198 [warn ] [MainThread]: [ConfigFolderDirectory]: Unable to parse dict {'dir': PosixPath('/home/codespace/.dbt')}
[0m07:01:37.849947 [info ] [MainThread]: Creating dbt configuration folder at 
[0m07:02:02.349554 [debug] [MainThread]: Starter project path: /workspaces/ds525-dw-and-bi/06-analytics-engineering/ENV/lib/python3.10/site-packages/dbt/include/starter_project
[0m07:02:02.355085 [info ] [MainThread]: 
Your new dbt project "ds525" was created!

For more information on how to configure the profiles.yml file,
please consult the dbt documentation here:

  https://docs.getdbt.com/docs/configure-your-profile

One more thing:

Need help? Don't hesitate to reach out to us via GitHub issues or on Slack:

  https://community.getdbt.com/

Happy modeling!

[0m07:02:02.356215 [info ] [MainThread]: Setting up your profile.
[0m07:05:39.843745 [info ] [MainThread]: Profile ds525 written to /home/codespace/.dbt/profiles.yml using target's profile_template.yml and your supplied values. Run 'dbt debug' to validate the connection.
[0m07:05:39.852996 [debug] [MainThread]: Resource report: {"command_name": "init", "command_success": true, "command_wall_clock_time": 242.01817, "process_user_time": 2.52461, "process_kernel_time": 0.143396, "process_mem_max_rss": "92492", "process_in_blocks": "3288", "process_out_blocks": "80"}
[0m07:05:39.854112 [debug] [MainThread]: Command `dbt init` succeeded at 07:05:39.853860 after 242.02 seconds
[0m07:05:39.854852 [debug] [MainThread]: Sending event: {'category': 'dbt', 'action': 'invocation', 'label': 'end', 'context': [<snowplow_tracker.self_describing_json.SelfDescribingJson object at 0x7fd64640b460>, <snowplow_tracker.self_describing_json.SelfDescribingJson object at 0x7fd6484e9120>, <snowplow_tracker.self_describing_json.SelfDescribingJson object at 0x7fd644683fa0>]}
[0m07:05:39.855607 [debug] [MainThread]: Flushing usage events
