[2024-04-22T09:24:22.590+0000] {local_task_job_runner.py:120} INFO - ::group::Pre task execution logs
[2024-04-22T09:24:22.641+0000] {taskinstance.py:2073} INFO - Dependencies all met for dep_context=non-requeueable deps ti=<TaskInstance: hello.echo_hello manual__2024-04-22T09:24:20.162538+00:00 [queued]>
[2024-04-22T09:24:22.649+0000] {taskinstance.py:2073} INFO - Dependencies all met for dep_context=requeueable deps ti=<TaskInstance: hello.echo_hello manual__2024-04-22T09:24:20.162538+00:00 [queued]>
[2024-04-22T09:24:22.649+0000] {taskinstance.py:2303} INFO - Starting attempt 1 of 1
[2024-04-22T09:24:22.667+0000] {taskinstance.py:2327} INFO - Executing <Task(BashOperator): echo_hello> on 2024-04-22 09:24:20.162538+00:00
[2024-04-22T09:24:22.685+0000] {logging_mixin.py:188} WARNING - /home/***/.local/lib/python3.12/site-packages/***/task/task_runner/standard_task_runner.py:61 DeprecationWarning: This process (pid=84151) is multi-threaded, use of fork() may lead to deadlocks in the child.
[2024-04-22T09:24:22.697+0000] {standard_task_runner.py:63} INFO - Started process 84155 to run task
[2024-04-22T09:24:22.695+0000] {standard_task_runner.py:90} INFO - Running: ['***', 'tasks', 'run', 'hello', 'echo_hello', 'manual__2024-04-22T09:24:20.162538+00:00', '--job-id', '2', '--raw', '--subdir', 'DAGS_FOLDER/hello.py', '--cfg-path', '/tmp/tmpntt5z2_f']
[2024-04-22T09:24:22.699+0000] {standard_task_runner.py:91} INFO - Job 2: Subtask echo_hello
[2024-04-22T09:24:22.837+0000] {task_command.py:426} INFO - Running <TaskInstance: hello.echo_hello manual__2024-04-22T09:24:20.162538+00:00 [running]> on host f3c104231d9b
[2024-04-22T09:24:22.995+0000] {taskinstance.py:2644} INFO - Exporting env vars: AIRFLOW_CTX_DAG_OWNER='***' AIRFLOW_CTX_DAG_ID='hello' AIRFLOW_CTX_TASK_ID='echo_hello' AIRFLOW_CTX_EXECUTION_DATE='2024-04-22T09:24:20.162538+00:00' AIRFLOW_CTX_TRY_NUMBER='1' AIRFLOW_CTX_DAG_RUN_ID='manual__2024-04-22T09:24:20.162538+00:00'
[2024-04-22T09:24:22.999+0000] {taskinstance.py:430} INFO - ::endgroup::
[2024-04-22T09:24:22.999+0000] {subprocess.py:63} INFO - Tmp dir root location: /tmp
[2024-04-22T09:24:23.001+0000] {subprocess.py:75} INFO - Running command: ['/usr/bin/bash', '-c', "echo 'hello'"]
[2024-04-22T09:24:23.026+0000] {subprocess.py:86} INFO - Output:
[2024-04-22T09:24:23.047+0000] {subprocess.py:93} INFO - hello
[2024-04-22T09:24:23.048+0000] {subprocess.py:97} INFO - Command exited with return code 0
[2024-04-22T09:24:23.048+0000] {taskinstance.py:441} INFO - ::group::Post task execution logs
[2024-04-22T09:24:23.089+0000] {taskinstance.py:1205} INFO - Marking task as SUCCESS. dag_id=hello, task_id=echo_hello, execution_date=20240422T092420, start_date=20240422T092422, end_date=20240422T092423
[2024-04-22T09:24:23.128+0000] {local_task_job_runner.py:240} INFO - Task exited with return code 0
[2024-04-22T09:24:23.142+0000] {taskinstance.py:3482} INFO - 0 downstream tasks scheduled from follow-on schedule check
[2024-04-22T09:24:23.148+0000] {local_task_job_runner.py:222} INFO - ::endgroup::
