[2024-04-22T09:24:55.902+0000] {local_task_job_runner.py:120} INFO - ::group::Pre task execution logs
[2024-04-22T09:24:55.933+0000] {taskinstance.py:2073} INFO - Dependencies all met for dep_context=non-requeueable deps ti=<TaskInstance: hello.echo_hello manual__2024-04-22T09:24:52.499964+00:00 [queued]>
[2024-04-22T09:24:55.942+0000] {taskinstance.py:2073} INFO - Dependencies all met for dep_context=requeueable deps ti=<TaskInstance: hello.echo_hello manual__2024-04-22T09:24:52.499964+00:00 [queued]>
[2024-04-22T09:24:55.943+0000] {taskinstance.py:2303} INFO - Starting attempt 1 of 1
[2024-04-22T09:24:55.960+0000] {taskinstance.py:2327} INFO - Executing <Task(BashOperator): echo_hello> on 2024-04-22 09:24:52.499964+00:00
[2024-04-22T09:24:55.976+0000] {logging_mixin.py:188} WARNING - /home/***/.local/lib/python3.12/site-packages/***/task/task_runner/standard_task_runner.py:61 DeprecationWarning: This process (pid=84452) is multi-threaded, use of fork() may lead to deadlocks in the child.
[2024-04-22T09:24:55.981+0000] {standard_task_runner.py:63} INFO - Started process 84466 to run task
[2024-04-22T09:24:55.979+0000] {standard_task_runner.py:90} INFO - Running: ['***', 'tasks', 'run', 'hello', 'echo_hello', 'manual__2024-04-22T09:24:52.499964+00:00', '--job-id', '6', '--raw', '--subdir', 'DAGS_FOLDER/hello.py', '--cfg-path', '/tmp/tmpz6aa2zhn']
[2024-04-22T09:24:55.984+0000] {standard_task_runner.py:91} INFO - Job 6: Subtask echo_hello
[2024-04-22T09:24:56.046+0000] {task_command.py:426} INFO - Running <TaskInstance: hello.echo_hello manual__2024-04-22T09:24:52.499964+00:00 [running]> on host f3c104231d9b
[2024-04-22T09:24:56.145+0000] {taskinstance.py:2644} INFO - Exporting env vars: AIRFLOW_CTX_DAG_OWNER='***' AIRFLOW_CTX_DAG_ID='hello' AIRFLOW_CTX_TASK_ID='echo_hello' AIRFLOW_CTX_EXECUTION_DATE='2024-04-22T09:24:52.499964+00:00' AIRFLOW_CTX_TRY_NUMBER='1' AIRFLOW_CTX_DAG_RUN_ID='manual__2024-04-22T09:24:52.499964+00:00'
[2024-04-22T09:24:56.149+0000] {taskinstance.py:430} INFO - ::endgroup::
[2024-04-22T09:24:56.150+0000] {subprocess.py:63} INFO - Tmp dir root location: /tmp
[2024-04-22T09:24:56.150+0000] {subprocess.py:75} INFO - Running command: ['/usr/bin/bash', '-c', "echo 'hello'"]
[2024-04-22T09:24:56.170+0000] {subprocess.py:86} INFO - Output:
[2024-04-22T09:24:56.174+0000] {subprocess.py:93} INFO - hello
[2024-04-22T09:24:56.175+0000] {subprocess.py:97} INFO - Command exited with return code 0
[2024-04-22T09:24:56.176+0000] {taskinstance.py:441} INFO - ::group::Post task execution logs
[2024-04-22T09:24:56.206+0000] {taskinstance.py:1205} INFO - Marking task as SUCCESS. dag_id=hello, task_id=echo_hello, execution_date=20240422T092452, start_date=20240422T092455, end_date=20240422T092456
[2024-04-22T09:24:56.240+0000] {local_task_job_runner.py:240} INFO - Task exited with return code 0
[2024-04-22T09:24:56.269+0000] {taskinstance.py:3482} INFO - 0 downstream tasks scheduled from follow-on schedule check
[2024-04-22T09:24:56.276+0000] {local_task_job_runner.py:222} INFO - ::endgroup::
